Reading pref.tcl

# 2020.4

# vsim -c -sv_seed random -do "sim.do" -do "cov.do" "+n1000" fpu_tb 
# Start time: 10:16:21 on Apr 16,2024
# ** Note: (vsim-3812) Design is being optimized...
# ** Warning: ../src/fpnew_opgroup_block.sv(34): (vopt-13314) Defaulting port 'operands_i' kind to 'var' rather than 'wire' due to default compile option setting of -svinputport=relaxed.
# ** Warning: ../src/fpnew_opgroup_block.sv(35): (vopt-13314) Defaulting port 'is_boxed_i' kind to 'var' rather than 'wire' due to default compile option setting of -svinputport=relaxed.
# ** Warning: ../src/fpnew_opgroup_block.sv(34): (vopt-13314) Defaulting port 'operands_i' kind to 'var' rather than 'wire' due to default compile option setting of -svinputport=relaxed.
# ** Warning: ../src/fpnew_opgroup_block.sv(35): (vopt-13314) Defaulting port 'is_boxed_i' kind to 'var' rather than 'wire' due to default compile option setting of -svinputport=relaxed.
# ** Warning: ../src/fpnew_opgroup_block.sv(34): (vopt-13314) Defaulting port 'operands_i' kind to 'var' rather than 'wire' due to default compile option setting of -svinputport=relaxed.
# ** Warning: ../src/fpnew_opgroup_block.sv(35): (vopt-13314) Defaulting port 'is_boxed_i' kind to 'var' rather than 'wire' due to default compile option setting of -svinputport=relaxed.
# ** Warning: ../src/fpnew_opgroup_block.sv(34): (vopt-13314) Defaulting port 'operands_i' kind to 'var' rather than 'wire' due to default compile option setting of -svinputport=relaxed.
# ** Warning: ../src/fpnew_opgroup_block.sv(35): (vopt-13314) Defaulting port 'is_boxed_i' kind to 'var' rather than 'wire' due to default compile option setting of -svinputport=relaxed.
# ** Warning: ../src/fpnew_top.sv(29): (vopt-13314) Defaulting port 'operands_i' kind to 'var' rather than 'wire' due to default compile option setting of -svinputport=relaxed.
# ** Note: (vsim-12126) Error and warning message counts have been restored: Errors=0, Warnings=9.
# //  Questa Sim-64
# //  Version 2020.4 linux_x86_64 Oct 13 2020
# //
# //  Copyright 1991-2020 Mentor Graphics Corporation
# //  All Rights Reserved.
# //
# //  QuestaSim and its associated documentation contain trade
# //  secrets and commercial or financial information that are the property of
# //  Mentor Graphics Corporation and are privileged, confidential,
# //  and exempt from disclosure under the Freedom of Information Act,
# //  5 U.S.C. Section 552. Furthermore, this information
# //  is prohibited from disclosure under the Trade Secrets Act,
# //  18 U.S.C. Section 1905.
# //
# Loading sv_std.std
# Loading work.cf_math_pkg(fast)
# Loading work.fpnew_pkg(fast)
# Loading work.fpu_if_sv_unit(fast)
# Loading work.fpu_tb_sv_unit(fast)
# Loading work.fpu_tb(fast)
# Loading work.fpu_wrap(fast)
# Loading work.rr_arb_tree(fast)
# Loading work.rr_arb_tree(fast__1)
# Loading work.rr_arb_tree(fast__2)
# Loading work.rr_arb_tree(fast__3)
# Loading work.rr_arb_tree(fast__4)
# Loading work.fpu_if(fast)
# ** Fatal: (vsim-8274) Virtual interface elem. 'ready' not found in 'fpu_if'.
#    Time: 0 ns  Iteration: 0  Region: /fpu_tb_sv_unit::fpu_tester #(16, 3) File: ../tb/fpu_tester.svh Line: 117
# FATAL ERROR while loading design
# Error loading design
# End time: 10:16:23 on Apr 16,2024, Elapsed time: 0:00:02
# Errors: 1, Warnings: 9
