Reading pref.tcl

# 2020.4

# vsim -c -sv_seed random -do "sim.do" -do "cov.do" -voptargs="+acc" top -coverage "+UVM_TESTNAME=simple_test" 
# Start time: 21:01:21 on Mar 26,2024
# ** Note: (vsim-3812) Design is being optimized...
# ** Warning: ../tb/monitor.sv(49): (vopt-2240) Treating stand-alone use of function 'begin_tr' as an implicit VOID cast.
# ** Warning: ../tb/monitor_out.sv(48): (vopt-2240) Treating stand-alone use of function 'begin_tr' as an implicit VOID cast.
# ** Note: (vopt-143) Recognized 1 FSM in module "DUT(fast)".
# ** Note: (vsim-12126) Error and warning message counts have been restored: Errors=0, Warnings=2.
# //  Questa Sim-64
# //  Version 2020.4 linux_x86_64 Oct 13 2020
# //
# //  Copyright 1991-2020 Mentor Graphics Corporation
# //  All Rights Reserved.
# //
# //  QuestaSim and its associated documentation contain trade
# //  secrets and commercial or financial information that are the property of
# //  Mentor Graphics Corporation and are privileged, confidential,
# //  and exempt from disclosure under the Freedom of Information Act,
# //  5 U.S.C. Section 552. Furthermore, this information
# //  is prohibited from disclosure under the Trade Secrets Act,
# //  18 U.S.C. Section 1905.
# //
# Loading sv_std.std
# Loading mtiUvm.uvm_pkg(fast)
# Loading work.top_sv_unit(fast)
# Loading mtiUvm.questa_uvm_pkg(fast)
# Loading work.top(fast)
# Loading work.dut_if(fast__2)
# Loading work.dut_if(fast__3)
# Loading work.DUT(fast)
# Loading work.adder(fast)
# Loading work.dut_if(fast)
# ** Error (suppressible): (vsim-3839) Variable '/top/out/data', driven via a port connection, is multiply driven. See ../src/DUT.sv(3).
#    Time: 0 ns  Iteration: 0  Instance: /top/sum File: ../src/DUT.sv Line: 9
# Error loading design
# End time: 21:01:32 on Mar 26,2024, Elapsed time: 0:00:11
# Errors: 1, Warnings: 2
