COVERGROUP COVERAGE:
----------------------------------------------------------------------------------------------------------
Covergroup                                             Metric       Goal       Bins    Status               
                                                                                                         
----------------------------------------------------------------------------------------------------------
 TYPE /mul_tb_sv_unit/mul_cov/mul_cov__1/mul_cg       100.00%        100          -    Covered              
    covered/total bins:                                     6          6          -                      
    missing/total bins:                                     0          6          -                      
    % Hit:                                            100.00%        100          -                      
    Coverpoint mula_cp                                100.00%        100          -    Covered              
        covered/total bins:                                 3          3          -                      
        missing/total bins:                                 0          3          -                      
        % Hit:                                        100.00%        100          -                      
        bin corner[0]                                       9          1          -    Covered              
        bin corner[1023]                                   15          1          -    Covered              
        bin corner[2047]                                    8          1          -    Covered              
        default bin others                               1968                     -    Occurred             
    Coverpoint mulb_cp                                100.00%        100          -    Covered              
        covered/total bins:                                 3          3          -                      
        missing/total bins:                                 0          3          -                      
        % Hit:                                        100.00%        100          -                      
        bin corner[0]                                       8          1          -    Covered              
        bin corner[1023]                                   10          1          -    Covered              
        bin corner[2047]                                   12          1          -    Covered              
        default bin others                               1970                     -    Occurred             

TOTAL COVERGROUP COVERAGE: 100.00%  COVERGROUP TYPES: 1
